# JRE version: OpenJDK Runtime Environment (8.0_202) (build 1.8.0_202-release-1483-b49-5587405)
# Java VM: OpenJDK 64-Bit Server VM (25.202-b49-5587405 mixed mode bsd-amd64 compressed oops)
Heap:
 PSYoungGen      total 342528K, used 111682K [0x00000007a0000000, 0x00000007b6e80000, 0x00000007c0000000)
  eden space 311296K, 31% used [0x00000007a0000000,0x00000007a5fb2d70,0x00000007b3000000)
  from space 31232K, 43% used [0x00000007b4d00000,0x00000007b5a5de80,0x00000007b6b80000)
  to   space 29696K, 0% used [0x00000007b3000000,0x00000007b3000000,0x00000007b4d00000)
 ParOldGen       total 134656K, used 67991K [0x0000000760000000, 0x0000000768380000, 0x00000007a0000000)
  object space 134656K, 50% used [0x0000000760000000,0x0000000764265fc8,0x0000000768380000)
 Metaspace       used 76912K, capacity 79892K, committed 80128K, reserved 1118208K
  class space    used 10077K, capacity 10682K, committed 10752K, reserved 1048576K
GC Heap History (10 events):
Event: 13.393 GC heap before
{Heap before GC invocations=13 (full 2):
 PSYoungGen      total 212992K, used 58456K [0x00000007a0000000, 0x00000007aea00000, 0x00000007c0000000)
  eden space 194560K, 20% used [0x00000007a0000000,0x00000007a271ad00,0x00000007abe00000)
  from space 18432K, 99% used [0x00000007ad300000,0x00000007ae4fb360,0x00000007ae500000)
  to   space 21504K, 0% used [0x00000007abe00000,0x00000007abe00000,0x00000007ad300000)
 ParOldGen       total 93696K, used 25027K [0x0000000760000000, 0x0000000765b80000, 0x00000007a0000000)
  object space 93696K, 26% used [0x0000000760000000,0x0000000761870c30,0x0000000765b80000)
 Metaspace       used 57674K, capacity 58968K, committed 59096K, reserved 1099776K
  class space    used 7637K, capacity 8018K, committed 8064K, reserved 1048576K
Event: 13.422 GC heap after
Heap after GC invocations=13 (full 2):
 PSYoungGen      total 216064K, used 6757K [0x00000007a0000000, 0x00000007b2e80000, 0x00000007c0000000)
  eden space 194560K, 0% used [0x00000007a0000000,0x00000007a0000000,0x00000007abe00000)
  from space 21504K, 31% used [0x00000007abe00000,0x00000007ac4996a8,0x00000007ad300000)
  to   space 21504K, 0% used [0x00000007b1980000,0x00000007b1980000,0x00000007b2e80000)
 ParOldGen       total 93696K, used 36051K [0x0000000760000000, 0x0000000765b80000, 0x00000007a0000000)
  object space 93696K, 38% used [0x0000000760000000,0x0000000762334e68,0x0000000765b80000)
 Metaspace       used 57674K, capacity 58968K, committed 59096K, reserved 1099776K
  class space    used 7637K, capacity 8018K, committed 8064K, reserved 1048576K
}
Event: 13.422 GC heap before
{Heap before GC invocations=14 (full 3):
 PSYoungGen      total 216064K, used 6757K [0x00000007a0000000, 0x00000007b2e80000, 0x00000007c0000000)
  eden space 194560K, 0% used [0x00000007a0000000,0x00000007a0000000,0x00000007abe00000)
  from space 21504K, 31% used [0x00000007abe00000,0x00000007ac4996a8,0x00000007ad300000)
  to   space 21504K, 0% used [0x00000007b1980000,0x00000007b1980000,0x00000007b2e80000)
 ParOldGen       total 93696K, used 36051K [0x0000000760000000, 0x0000000765b80000, 0x00000007a0000000)
  object space 93696K, 38% used [0x0000000760000000,0x0000000762334e68,0x0000000765b80000)
 Metaspace       used 57674K, capacity 58968K, committed 59096K, reserved 1099776K
  class space    used 7637K, capacity 8018K, committed 8064K, reserved 1048576K
Event: 13.700 GC heap after
Heap after GC invocations=14 (full 3):
 PSYoungGen      total 216064K, used 0K [0x00000007a0000000, 0x00000007b2e80000, 0x00000007c0000000)
  eden space 194560K, 0% used [0x00000007a0000000,0x00000007a0000000,0x00000007abe00000)
  from space 21504K, 0% used [0x00000007abe00000,0x00000007abe00000,0x00000007ad300000)
  to   space 21504K, 0% used [0x00000007b1980000,0x00000007b1980000,0x00000007b2e80000)
 ParOldGen       total 134656K, used 33211K [0x0000000760000000, 0x0000000768380000, 0x00000007a0000000)
  object space 134656K, 24% used [0x0000000760000000,0x000000076206ec50,0x0000000768380000)
 Metaspace       used 57674K, capacity 58968K, committed 59096K, reserved 1099776K
  class space    used 7637K, capacity 8018K, committed 8064K, reserved 1048576K
}
Event: 16.782 GC heap before
{Heap before GC invocations=15 (full 3):
 PSYoungGen      total 216064K, used 194560K [0x00000007a0000000, 0x00000007b2e80000, 0x00000007c0000000)
  eden space 194560K, 100% used [0x00000007a0000000,0x00000007abe00000,0x00000007abe00000)
  from space 21504K, 0% used [0x00000007abe00000,0x00000007abe00000,0x00000007ad300000)
  to   space 21504K, 0% used [0x00000007b1980000,0x00000007b1980000,0x00000007b2e80000)
 ParOldGen       total 134656K, used 33211K [0x0000000760000000, 0x0000000768380000, 0x00000007a0000000)
  object space 134656K, 24% used [0x0000000760000000,0x000000076206ec50,0x0000000768380000)
 Metaspace       used 64527K, capacity 66408K, committed 66560K, reserved 1105920K
  class space    used 8714K, capacity 9216K, committed 9216K, reserved 1048576K
Event: 16.813 GC heap after
Heap after GC invocations=15 (full 3):
 PSYoungGen      total 268800K, used 19622K [0x00000007a0000000, 0x00000007b2d00000, 0x00000007c0000000)
  eden space 248832K, 0% used [0x00000007a0000000,0x00000007a0000000,0x00000007af300000)
  from space 19968K, 98% used [0x00000007b1980000,0x00000007b2ca9830,0x00000007b2d00000)
  to   space 23552K, 0% used [0x00000007aff00000,0x00000007aff00000,0x00000007b1600000)
 ParOldGen       total 134656K, used 33219K [0x0000000760000000, 0x0000000768380000, 0x00000007a0000000)
  object space 134656K, 24% used [0x0000000760000000,0x0000000762070c50,0x0000000768380000)
 Metaspace       used 64527K, capacity 66408K, committed 66560K, reserved 1105920K
  class space    used 8714K, capacity 9216K, committed 9216K, reserved 1048576K
}
Event: 25.973 GC heap before
{Heap before GC invocations=16 (full 3):
 PSYoungGen      total 268800K, used 268454K [0x00000007a0000000, 0x00000007b2d00000, 0x00000007c0000000)
  eden space 248832K, 100% used [0x00000007a0000000,0x00000007af300000,0x00000007af300000)
  from space 19968K, 98% used [0x00000007b1980000,0x00000007b2ca9830,0x00000007b2d00000)
  to   space 23552K, 0% used [0x00000007aff00000,0x00000007aff00000,0x00000007b1600000)
 ParOldGen       total 134656K, used 33219K [0x0000000760000000, 0x0000000768380000, 0x00000007a0000000)
  object space 134656K, 24% used [0x0000000760000000,0x0000000762070c50,0x0000000768380000)
 Metaspace       used 73653K, capacity 76308K, committed 76672K, reserved 1116160K
  class space    used 9697K, capacity 10276K, committed 10368K, reserved 1048576K
Event: 26.012 GC heap after
Heap after GC invocations=16 (full 3):
 PSYoungGen      total 284672K, used 23532K [0x00000007a0000000, 0x00000007b6b80000, 0x00000007c0000000)
  eden space 261120K, 0% used [0x00000007a0000000,0x00000007a0000000,0x00000007aff00000)
  from space 23552K, 99% used [0x00000007aff00000,0x00000007b15fb090,0x00000007b1600000)
  to   space 31232K, 0% used [0x00000007b4d00000,0x00000007b4d00000,0x00000007b6b80000)
 ParOldGen       total 134656K, used 45074K [0x0000000760000000, 0x0000000768380000, 0x00000007a0000000)
  object space 134656K, 33% used [0x0000000760000000,0x0000000762c04aa8,0x0000000768380000)
 Metaspace       used 73653K, capacity 76308K, committed 76672K, reserved 1116160K
  class space    used 9697K, capacity 10276K, committed 10368K, reserved 1048576K
}
Event: 56.223 GC heap before
{Heap before GC invocations=17 (full 3):
 PSYoungGen      total 284672K, used 284652K [0x00000007a0000000, 0x00000007b6b80000, 0x00000007c0000000)
  eden space 261120K, 100% used [0x00000007a0000000,0x00000007aff00000,0x00000007aff00000)
  from space 23552K, 99% used [0x00000007aff00000,0x00000007b15fb090,0x00000007b1600000)
  to   space 31232K, 0% used [0x00000007b4d00000,0x00000007b4d00000,0x00000007b6b80000)
 ParOldGen       total 134656K, used 45074K [0x0000000760000000, 0x0000000768380000, 0x00000007a0000000)
  object space 134656K, 33% used [0x0000000760000000,0x0000000762c04aa8,0x0000000768380000)
 Metaspace       used 75866K, capacity 78746K, committed 78976K, reserved 1118208K
  class space    used 9931K, capacity 10537K, committed 10624K, reserved 1048576K
Event: 56.289 GC heap after
Heap after GC invocations=17 (full 3):
 PSYoungGen      total 342528K, used 13687K [0x00000007a0000000, 0x00000007b6e80000, 0x00000007c0000000)
  eden space 311296K, 0% used [0x00000007a0000000,0x00000007a0000000,0x00000007b3000000)
  from space 31232K, 43% used [0x00000007b4d00000,0x00000007b5a5de80,0x00000007b6b80000)
  to   space 29696K, 0% used [0x00000007b3000000,0x00000007b3000000,0x00000007b4d00000)
 ParOldGen       total 134656K, used 67991K [0x0000000760000000, 0x0000000768380000, 0x00000007a0000000)
  object space 134656K, 50% used [0x0000000760000000,0x0000000764265fc8,0x0000000768380000)
 Metaspace       used 75866K, capacity 78746K, committed 78976K, reserved 1118208K
  class space    used 9931K, capacity 10537K, committed 10624K, reserved 1048576K
}

